e:\kuliah\semester 5\works. komputer visi\09 project 1 ming\09\consoleapplication2\x64\debug\consoleapplication2.pch
e:\kuliah\semester 5\works. komputer visi\09 project 1 ming\09\consoleapplication2\x64\debug\vc141.pdb
e:\kuliah\semester 5\works. komputer visi\09 project 1 ming\09\consoleapplication2\x64\debug\vc141.idb
e:\kuliah\semester 5\works. komputer visi\09 project 1 ming\09\consoleapplication2\x64\debug\stdafx.obj
e:\kuliah\semester 5\works. komputer visi\09 project 1 ming\09\consoleapplication2\x64\debug\consoleapplication2.obj
e:\kuliah\semester 5\works. komputer visi\10 kalibrasi kamera\10\consoleapplication2\x64\debug\consoleapplication2.pch
e:\kuliah\semester 5\works. komputer visi\10 kalibrasi kamera\10\consoleapplication2\x64\debug\vc141.pdb
e:\kuliah\semester 5\works. komputer visi\10 kalibrasi kamera\10\consoleapplication2\x64\debug\vc141.idb
e:\kuliah\semester 5\works. komputer visi\10 kalibrasi kamera\10\consoleapplication2\x64\debug\stdafx.obj
e:\kuliah\semester 5\works. komputer visi\10 kalibrasi kamera\10\consoleapplication2\x64\debug\consoleapplication2.obj
e:\kuliah\semester 5\works. komputer visi\11 disparity\11\consoleapplication2\x64\debug\consoleapplication2.pch
e:\kuliah\semester 5\works. komputer visi\11 disparity\11\consoleapplication2\x64\debug\vc141.pdb
e:\kuliah\semester 5\works. komputer visi\11 disparity\11\consoleapplication2\x64\debug\vc141.idb
e:\kuliah\semester 5\works. komputer visi\11 disparity\11\consoleapplication2\x64\debug\stdafx.obj
e:\kuliah\semester 5\works. komputer visi\11 disparity\11\consoleapplication2\x64\debug\consoleapplication2.obj
e:\kuliah\semester 5\works. komputer visi\09 project 1 ming\09\x64\debug\consoleapplication2.exe
e:\kuliah\semester 5\works. komputer visi\09 project 1 ming\09\x64\debug\consoleapplication2.ilk
e:\kuliah\semester 5\works. komputer visi\09 project 1 ming\09\x64\debug\consoleapplication2.pdb
e:\kuliah\semester 5\works. komputer visi\10 kalibrasi kamera\10\x64\debug\consoleapplication2.exe
e:\kuliah\semester 5\works. komputer visi\10 kalibrasi kamera\10\x64\debug\consoleapplication2.ilk
e:\kuliah\semester 5\works. komputer visi\10 kalibrasi kamera\10\x64\debug\consoleapplication2.pdb
e:\kuliah\semester 5\works. komputer visi\11 disparity\11\x64\debug\consoleapplication2.exe
e:\kuliah\semester 5\works. komputer visi\11 disparity\11\x64\debug\consoleapplication2.ilk
e:\kuliah\semester 5\works. komputer visi\11 disparity\11\x64\debug\consoleapplication2.pdb
e:\kuliah\semester 5\works. komputer visi\11 disparity\11\consoleapplication2\x64\debug\consolea.691a9214.tlog\cl.command.1.tlog
e:\kuliah\semester 5\works. komputer visi\11 disparity\11\consoleapplication2\x64\debug\consolea.691a9214.tlog\cl.read.1.tlog
e:\kuliah\semester 5\works. komputer visi\11 disparity\11\consoleapplication2\x64\debug\consolea.691a9214.tlog\cl.write.1.tlog
e:\kuliah\semester 5\works. komputer visi\11 disparity\11\consoleapplication2\x64\debug\consolea.691a9214.tlog\link.command.1.tlog
e:\kuliah\semester 5\works. komputer visi\11 disparity\11\consoleapplication2\x64\debug\consolea.691a9214.tlog\link.read.1.tlog
e:\kuliah\semester 5\works. komputer visi\11 disparity\11\consoleapplication2\x64\debug\consolea.691a9214.tlog\link.write.1.tlog
